<?xml version="1.0" encoding="UTF-8"?>
<testsuite xmlns:xsi="http://www.w3.org/2001/XMLSchema-instance" xsi:noNamespaceSchemaLocation="https://maven.apache.org/surefire/maven-surefire-plugin/xsd/surefire-test-report.xsd" name="varcalculator.VaRCalculatorTest" time="0.082" tests="4" errors="0" skipped="0" failures="4">
  <properties>
[...]
</properties>
  <testcase name="testCalculatePortfolioVaR97Confidence" classname="varcalculator.VaRCalculatorTest" time="0.068">
    <failure message="expected: &lt;-3.3&gt; but was: &lt;-5.0&gt;" type="org.opentest4j.AssertionFailedError"><![CDATA[org.opentest4j.AssertionFailedError: expected: <-3.3> but was: <-5.0>
	at varcalculator.VaRCalculatorTest.testCalculatePortfolioVaR97Confidence(VaRCalculatorTest.java:41)
]]></failure>
  </testcase>
  <testcase name="testCalculatePortfolioVaR" classname="varcalculator.VaRCalculatorTest" time="0">
    <failure message="expected: &lt;-4.3&gt; but was: &lt;-5.0&gt;" type="org.opentest4j.AssertionFailedError"><![CDATA[org.opentest4j.AssertionFailedError: expected: <-4.3> but was: <-5.0>
	at varcalculator.VaRCalculatorTest.testCalculatePortfolioVaR(VaRCalculatorTest.java:31)
]]></failure>
  </testcase>
  <testcase name="testCalculateVaR97Confidence" classname="varcalculator.VaRCalculatorTest" time="0">
    <failure message="expected: &lt;-2.0&gt; but was: &lt;-3.0&gt;" type="org.opentest4j.AssertionFailedError"><![CDATA[org.opentest4j.AssertionFailedError: expected: <-2.0> but was: <-3.0>
	at varcalculator.VaRCalculatorTest.testCalculateVaR97Confidence(VaRCalculatorTest.java:21)
]]></failure>
  </testcase>
  <testcase name="testCalculateVaR" classname="varcalculator.VaRCalculatorTest" time="0.001">
    <failure message="expected: &lt;-2.5&gt; but was: &lt;-3.0&gt;" type="org.opentest4j.AssertionFailedError"><![CDATA[org.opentest4j.AssertionFailedError: expected: <-2.5> but was: <-3.0>
	at varcalculator.VaRCalculatorTest.testCalculateVaR(VaRCalculatorTest.java:13)
]]></failure>
  </testcase>
</testsuite>